<?xml version="1.0" encoding="UTF-8"?>
<!-- Generated by org.testng.reporters.JUnitReportReporter -->
<testsuite hostname="Abhay-PC" failures="0" tests="9" name="testingbaba_test.Menu_test" time="5.948" errors="0" timestamp="2024-03-15T11:36:01 IST" skipped="0">
  <testcase classname="testingbaba_test.Menu_test" name="clickonclosebutton" time="0.324"/>
  <system-out/>
  <testcase classname="testingbaba_test.Menu_test" name="clickonpracticebutton" time="1.920"/>
  <system-out/>
  <testcase classname="testingbaba_test.Menu_test" name="clickonwidgetsbutton" time="1.297"/>
  <system-out/>
  <testcase classname="testingbaba_test.Menu_test" name="clickonmenubutton" time="0.342"/>
  <system-out/>
  <testcase classname="testingbaba_test.Menu_test" name="mousehoveronhomebutton" time="0.329"/>
  <system-out/>
  <testcase classname="testingbaba_test.Menu_test" name="mousehoveronaboutbutton" time="0.348"/>
  <system-out/>
  <testcase classname="testingbaba_test.Menu_test" name="mousehoverandclickonservicesdropdown" time="0.517"/>
  <system-out/>
  <testcase classname="testingbaba_test.Menu_test" name="mousehoverandclickonblogdropdown" time="0.515"/>
  <system-out/>
  <testcase classname="testingbaba_test.Menu_test" name="mousehoveroncontactbutton" time="0.356"/>
  <system-out/>
</testsuite> <!-- testingbaba_test.Menu_test -->
