<?xml version="1.0" encoding="UTF-8"?>
<!-- Generated by org.testng.reporters.JUnitReportReporter -->
<testsuite hostname="Abhay-PC" failures="0" tests="6" name="testingbaba_test.Frames_test" time="5.233" errors="0" timestamp="2024-03-16T21:52:53 IST" skipped="0">
  <testcase classname="testingbaba_test.Frames_test" name="clickonclosebutton" time="0.232"/>
  <system-out/>
  <testcase classname="testingbaba_test.Frames_test" name="clickonpracticebutton" time="1.970"/>
  <system-out/>
  <testcase classname="testingbaba_test.Frames_test" name="clickonalertsframeandwindow" time="1.224"/>
  <system-out/>
  <testcase classname="testingbaba_test.Frames_test" name="clickonframesbutton" time="1.204"/>
  <system-out/>
  <testcase classname="testingbaba_test.Frames_test" name="getframetext1" time="0.235"/>
  <system-out/>
  <testcase classname="testingbaba_test.Frames_test" name="getframetext2" time="0.368"/>
  <system-out/>
</testsuite> <!-- testingbaba_test.Frames_test -->
