<?xml version="1.0" encoding="UTF-8"?>
<!-- Generated by org.testng.reporters.JUnitReportReporter -->
<testsuite hostname="Abhay-PC" failures="0" tests="8" name="testingbaba_test.Alerts_test" time="10.987" errors="0" timestamp="2024-03-15T11:36:01 IST" skipped="0">
  <testcase classname="testingbaba_test.Alerts_test" name="clickonclosebutton" time="0.488"/>
  <system-out/>
  <testcase classname="testingbaba_test.Alerts_test" name="clickonpracticebutton" time="1.976"/>
  <system-out/>
  <testcase classname="testingbaba_test.Alerts_test" name="clickonalertsframeandwindow" time="0.510"/>
  <system-out/>
  <testcase classname="testingbaba_test.Alerts_test" name="clickonalertsbutton" time="0.509"/>
  <system-out/>
  <testcase classname="testingbaba_test.Alerts_test" name="clickonseealertbutton" time="0.821"/>
  <system-out/>
  <testcase classname="testingbaba_test.Alerts_test" name="clickonafter5secondbutton" time="5.597"/>
  <system-out/>
  <testcase classname="testingbaba_test.Alerts_test" name="clickonconfirmboxbutton" time="0.547"/>
  <system-out/>
  <testcase classname="testingbaba_test.Alerts_test" name="clickonpromptboxbutton" time="0.539"/>
  <system-out/>
</testsuite> <!-- testingbaba_test.Alerts_test -->
