<?xml version="1.0" encoding="UTF-8"?>
<!-- Generated by org.testng.reporters.JUnitReportReporter -->
<testsuite hostname="Abhay-PC" failures="0" tests="7" name="testingbaba_test.TextBox_test" time="7.184" errors="0" timestamp="2024-03-15T11:36:01 IST" skipped="0">
  <testcase classname="testingbaba_test.TextBox_test" name="clickonclosebutton" time="0.324"/>
  <system-out/>
  <testcase classname="testingbaba_test.TextBox_test" name="clickonpractice" time="2.488"/>
  <system-out/>
  <testcase classname="testingbaba_test.TextBox_test" name="clickonelement" time="0.791"/>
  <system-out/>
  <testcase classname="testingbaba_test.TextBox_test" name="clickontextbox" time="0.469"/>
  <system-out/>
  <testcase classname="testingbaba_test.TextBox_test" name="filldetailstextbox" time="1.550"/>
  <system-out/>
  <testcase classname="testingbaba_test.TextBox_test" name="getdetails" time="0.743"/>
  <system-out/>
  <testcase classname="testingbaba_test.TextBox_test" name="getverify" time="0.819"/>
  <system-out/>
</testsuite> <!-- testingbaba_test.TextBox_test -->
