<?xml version="1.0" encoding="UTF-8"?>
<!-- Generated by org.testng.reporters.JUnitReportReporter -->
<testsuite hostname="Abhay-PC" failures="0" tests="5" name="testingbaba_test.UploadandDownload_test" time="4.166" errors="0" timestamp="2024-03-16T21:52:53 IST" skipped="0">
  <testcase classname="testingbaba_test.UploadandDownload_test" name="clickonclosebutton" time="0.368"/>
  <system-out/>
  <testcase classname="testingbaba_test.UploadandDownload_test" name="clickonpractice" time="1.676"/>
  <system-out/>
  <testcase classname="testingbaba_test.UploadandDownload_test" name="clickonelement" time="0.503"/>
  <system-out/>
  <testcase classname="testingbaba_test.UploadandDownload_test" name="clickonuploadanddownloadbutton" time="0.224"/>
  <system-out/>
  <testcase classname="testingbaba_test.UploadandDownload_test" name="clickonuploadfilebutton" time="1.395"/>
  <system-out/>
</testsuite> <!-- testingbaba_test.UploadandDownload_test -->
