<?xml version="1.0" encoding="UTF-8"?>
<!-- Generated by org.testng.reporters.JUnitReportReporter -->
<testsuite hostname="Abhay-PC" failures="0" tests="7" name="testingbaba_test.TextBox_test" time="5.162" errors="0" timestamp="2024-03-16T21:52:53 IST" skipped="0">
  <testcase classname="testingbaba_test.TextBox_test" name="clickonclosebutton" time="0.253"/>
  <system-out/>
  <testcase classname="testingbaba_test.TextBox_test" name="clickonpractice" time="1.989"/>
  <system-out/>
  <testcase classname="testingbaba_test.TextBox_test" name="clickonelement" time="0.262"/>
  <system-out/>
  <testcase classname="testingbaba_test.TextBox_test" name="clickontextbox" time="0.228"/>
  <system-out/>
  <testcase classname="testingbaba_test.TextBox_test" name="filldetailstextbox" time="1.342"/>
  <system-out/>
  <testcase classname="testingbaba_test.TextBox_test" name="getdetails" time="0.424"/>
  <system-out/>
  <testcase classname="testingbaba_test.TextBox_test" name="getverify" time="0.664"/>
  <system-out/>
</testsuite> <!-- testingbaba_test.TextBox_test -->
