<?xml version="1.0" encoding="UTF-8"?>
<!-- Generated by org.testng.reporters.JUnitReportReporter -->
<testsuite hostname="Abhay-PC" failures="0" tests="5" name="testingbaba_test.AutoComplete_test" time="4.383" errors="0" timestamp="2024-03-15T11:36:01 IST" skipped="0">
  <testcase classname="testingbaba_test.AutoComplete_test" name="clickonclosebutton" time="0.289"/>
  <system-out/>
  <testcase classname="testingbaba_test.AutoComplete_test" name="clickonpracticebutton" time="1.919"/>
  <system-out/>
  <testcase classname="testingbaba_test.AutoComplete_test" name="clickonwidgetsbutton" time="1.254"/>
  <system-out/>
  <testcase classname="testingbaba_test.AutoComplete_test" name="clickonautocompletebutton" time="0.248"/>
  <system-out/>
  <testcase classname="testingbaba_test.AutoComplete_test" name="searchinsearchbox" time="0.673"/>
  <system-out/>
</testsuite> <!-- testingbaba_test.AutoComplete_test -->
