<?xml version="1.0" encoding="UTF-8"?>
<!-- Generated by org.testng.reporters.JUnitReportReporter -->
<testsuite hostname="Abhay-PC" failures="0" tests="7" name="testingbaba_test.RadioButton_test" time="5.819" errors="0" timestamp="2024-03-15T11:36:01 IST" skipped="0">
  <testcase classname="testingbaba_test.RadioButton_test" name="clickonclosebutton" time="0.467"/>
  <system-out/>
  <testcase classname="testingbaba_test.RadioButton_test" name="clickonpractice" time="2.304"/>
  <system-out/>
  <testcase classname="testingbaba_test.RadioButton_test" name="clickonelement" time="0.461"/>
  <system-out/>
  <testcase classname="testingbaba_test.RadioButton_test" name="clickonradiobutton" time="0.494"/>
  <system-out/>
  <testcase classname="testingbaba_test.RadioButton_test" name="clickonyescheckbox" time="0.606"/>
  <system-out/>
  <testcase classname="testingbaba_test.RadioButton_test" name="clickonimpressivecheckbox" time="0.933"/>
  <system-out/>
  <testcase classname="testingbaba_test.RadioButton_test" name="clickonnocheckbox" time="0.554"/>
  <system-out/>
</testsuite> <!-- testingbaba_test.RadioButton_test -->
