<?xml version="1.0" encoding="UTF-8"?>
<!-- Generated by org.testng.reporters.JUnitReportReporter -->
<testsuite hostname="Abhay-PC" failures="0" tests="6" name="testingbaba_test.ModalDialogs_test" time="9.282" errors="0" timestamp="2024-03-15T11:36:01 IST" skipped="0">
  <testcase classname="testingbaba_test.ModalDialogs_test" name="clickonclosebutton" time="0.558"/>
  <system-out/>
  <testcase classname="testingbaba_test.ModalDialogs_test" name="clickonpractice" time="4.149"/>
  <system-out/>
  <testcase classname="testingbaba_test.ModalDialogs_test" name="clickonalertsframeandwindow" time="1.315"/>
  <system-out/>
  <testcase classname="testingbaba_test.ModalDialogs_test" name="clickonmodaldialogsbutton" time="0.318"/>
  <system-out/>
  <testcase classname="testingbaba_test.ModalDialogs_test" name="clickonsmallmodalbutton" time="1.429"/>
  <system-out/>
  <testcase classname="testingbaba_test.ModalDialogs_test" name="clickonlargemodalbutton" time="1.513"/>
  <system-out/>
</testsuite> <!-- testingbaba_test.ModalDialogs_test -->
