<?xml version="1.0" encoding="UTF-8"?>
<!-- Generated by org.testng.reporters.JUnitReportReporter -->
<testsuite hostname="Abhay-PC" failures="0" tests="7" name="testingbaba_test.Accordion_test" time="6.386" errors="0" timestamp="2024-03-16T21:52:53 IST" skipped="0">
  <testcase classname="testingbaba_test.Accordion_test" name="clickonclosebutton" time="0.245"/>
  <system-out/>
  <testcase classname="testingbaba_test.Accordion_test" name="clickonpracticebutton" time="1.927"/>
  <system-out/>
  <testcase classname="testingbaba_test.Accordion_test" name="clickonwidgetsbutton" time="1.198"/>
  <system-out/>
  <testcase classname="testingbaba_test.Accordion_test" name="clickonaccordionbutton" time="0.352"/>
  <system-out/>
  <testcase classname="testingbaba_test.Accordion_test" name="clickonparagraph1" time="0.177"/>
  <system-out/>
  <testcase classname="testingbaba_test.Accordion_test" name="clickonparagraph2" time="1.244"/>
  <system-out/>
  <testcase classname="testingbaba_test.Accordion_test" name="clickonparagraph3" time="1.243"/>
  <system-out/>
</testsuite> <!-- testingbaba_test.Accordion_test -->
