<?xml version="1.0" encoding="UTF-8"?>
<!-- Generated by org.testng.reporters.JUnitReportReporter -->
<testsuite hostname="Abhay-PC" failures="0" tests="6" name="testingbaba_test.Textbox_test2" time="3.259" errors="0" timestamp="2024-02-20T23:07:30 IST" skipped="0">
  <testcase classname="testingbaba_test.Textbox_test2" name="clickonclosebtn" time="0.115"/>
  <system-out/>
  <testcase classname="testingbaba_test.Textbox_test2" name="clickonpractice" time="1.842"/>
  <system-out/>
  <testcase classname="testingbaba_test.Textbox_test2" name="clickonelement" time="0.103"/>
  <system-out/>
  <testcase classname="testingbaba_test.Textbox_test2" name="clickontextbox" time="0.093"/>
  <system-out/>
  <testcase classname="testingbaba_test.Textbox_test2" name="clickonwebtable" time="0.087"/>
  <system-out/>
  <testcase classname="testingbaba_test.Textbox_test2" name="filldetails" time="1.019"/>
  <system-out/>
</testsuite> <!-- testingbaba_test.Textbox_test2 -->
