<?xml version="1.0" encoding="UTF-8"?>
<!-- Generated by org.testng.reporters.JUnitReportReporter -->
<testsuite hostname="Abhay-PC" failures="0" tests="7" name="testingbaba_test.BrowserWindow_test" time="9.105" errors="0" timestamp="2024-03-15T16:05:03 IST" skipped="0">
  <testcase classname="testingbaba_test.BrowserWindow_test" name="clickonclosebutton" time="0.421"/>
  <system-out/>
  <testcase classname="testingbaba_test.BrowserWindow_test" name="clickonpracticebutton" time="1.924"/>
  <system-out/>
  <testcase classname="testingbaba_test.BrowserWindow_test" name="clickonalertsframeandwindow" time="0.389"/>
  <system-out/>
  <testcase classname="testingbaba_test.BrowserWindow_test" name="clickonbrowserwindowsbutton" time="0.443"/>
  <system-out/>
  <testcase classname="testingbaba_test.BrowserWindow_test" name="clickonnewtabbutton" time="2.441"/>
  <system-out/>
  <testcase classname="testingbaba_test.BrowserWindow_test" name="clickonnewwindowbutton" time="1.992"/>
  <system-out/>
  <testcase classname="testingbaba_test.BrowserWindow_test" name="clickonnewwindowmessagebutton" time="1.495"/>
  <system-out/>
</testsuite> <!-- testingbaba_test.BrowserWindow_test -->
