<?xml version="1.0" encoding="UTF-8"?>
<!-- Generated by org.testng.reporters.JUnitReportReporter -->
<testsuite hostname="Abhay-PC" failures="0" tests="6" name="testingbaba_test.NestedFrames_test" time="4.724" errors="0" timestamp="2024-03-16T21:52:53 IST" skipped="0">
  <testcase classname="testingbaba_test.NestedFrames_test" name="clickonclosebutton" time="0.233"/>
  <system-out/>
  <testcase classname="testingbaba_test.NestedFrames_test" name="clickonpractice" time="1.821"/>
  <system-out/>
  <testcase classname="testingbaba_test.NestedFrames_test" name="clickonalertsframeandwindow" time="1.270"/>
  <system-out/>
  <testcase classname="testingbaba_test.NestedFrames_test" name="clickonnestedframes" time="0.207"/>
  <system-out/>
  <testcase classname="testingbaba_test.NestedFrames_test" name="clickonparentbutton" time="0.304"/>
  <system-out/>
  <testcase classname="testingbaba_test.NestedFrames_test" name="clickonchildbutton" time="0.889"/>
  <system-out/>
</testsuite> <!-- testingbaba_test.NestedFrames_test -->
