<?xml version="1.0" encoding="UTF-8"?>
<!-- Generated by org.testng.reporters.JUnitReportReporter -->
<testsuite hostname="Abhay-PC" failures="0" tests="6" name="testingbaba_test.NestedFrames_test" time="8.205" errors="0" timestamp="2024-03-15T11:36:01 IST" skipped="0">
  <testcase classname="testingbaba_test.NestedFrames_test" name="clickonclosebutton" time="0.471"/>
  <system-out/>
  <testcase classname="testingbaba_test.NestedFrames_test" name="clickonpractice" time="3.863"/>
  <system-out/>
  <testcase classname="testingbaba_test.NestedFrames_test" name="clickonalertsframeandwindow" time="1.441"/>
  <system-out/>
  <testcase classname="testingbaba_test.NestedFrames_test" name="clickonnestedframes" time="0.500"/>
  <system-out/>
  <testcase classname="testingbaba_test.NestedFrames_test" name="clickonparentbutton" time="0.834"/>
  <system-out/>
  <testcase classname="testingbaba_test.NestedFrames_test" name="clickonchildbutton" time="1.096"/>
  <system-out/>
</testsuite> <!-- testingbaba_test.NestedFrames_test -->
