<?xml version="1.0" encoding="UTF-8"?>
<!-- Generated by org.testng.reporters.JUnitReportReporter -->
<testsuite hostname="Abhay-PC" failures="0" tests="8" name="testingbaba_test.SelectMenu_test" time="5.865" errors="0" timestamp="2024-03-15T11:36:01 IST" skipped="0">
  <testcase classname="testingbaba_test.SelectMenu_test" name="clickonclosebutton" time="0.361"/>
  <system-out/>
  <testcase classname="testingbaba_test.SelectMenu_test" name="clickonpracticebutton" time="2.008"/>
  <system-out/>
  <testcase classname="testingbaba_test.SelectMenu_test" name="clickonwidgetsbutton" time="1.249"/>
  <system-out/>
  <testcase classname="testingbaba_test.SelectMenu_test" name="clickonselectmenu" time="0.580"/>
  <system-out/>
  <testcase classname="testingbaba_test.SelectMenu_test" name="clickonselectvaluedropdown" time="0.490"/>
  <system-out/>
  <testcase classname="testingbaba_test.SelectMenu_test" name="clickonselectonedropdown" time="0.374"/>
  <system-out/>
  <testcase classname="testingbaba_test.SelectMenu_test" name="clickonoldstyleselectmenudropdown" time="0.312"/>
  <system-out/>
  <testcase classname="testingbaba_test.SelectMenu_test" name="clickonstandardmultiselectdropdown" time="0.491"/>
  <system-out/>
</testsuite> <!-- testingbaba_test.SelectMenu_test -->
