<?xml version="1.0" encoding="UTF-8"?>
<!-- Generated by org.testng.reporters.JUnitReportReporter -->
<testsuite hostname="Abhay-PC" failures="0" tests="7" name="testingbaba_test.ToolTips_test" time="4.366" errors="0" timestamp="2024-03-16T21:52:53 IST" skipped="0">
  <testcase classname="testingbaba_test.ToolTips_test" name="clickonclosebutton" time="0.281"/>
  <system-out/>
  <testcase classname="testingbaba_test.ToolTips_test" name="clickonpracticebutton" time="1.693"/>
  <system-out/>
  <testcase classname="testingbaba_test.ToolTips_test" name="clickonwidgetsbutton" time="1.222"/>
  <system-out/>
  <testcase classname="testingbaba_test.ToolTips_test" name="clickontooltipsbutton" time="0.229"/>
  <system-out/>
  <testcase classname="testingbaba_test.ToolTips_test" name="mousehoveronhovermetoseebutton" time="0.439"/>
  <system-out/>
  <testcase classname="testingbaba_test.ToolTips_test" name="mousehoveronhovermetoseesearchbox" time="0.340"/>
  <system-out/>
  <testcase classname="testingbaba_test.ToolTips_test" name="printpagetext" time="0.162"/>
  <system-out/>
</testsuite> <!-- testingbaba_test.ToolTips_test -->
