<?xml version="1.0" encoding="UTF-8"?>
<!-- Generated by org.testng.reporters.JUnitReportReporter -->
<testsuite hostname="Abhay-PC" failures="0" tests="1" name="testingbaba_test.Login_test" time="0.522" errors="0" timestamp="2024-03-15T11:36:01 IST" skipped="0">
  <testcase classname="testingbaba_test.Login_test" name="getTitle" time="0.522"/>
  <system-out/>
</testsuite> <!-- testingbaba_test.Login_test -->
