<?xml version="1.0" encoding="UTF-8"?>
<!-- Generated by org.testng.reporters.JUnitReportReporter -->
<testsuite hostname="Abhay-PC" failures="0" tests="13" name="testingbaba_test.Links_test" time="8.850" errors="0" timestamp="2024-03-15T11:36:01 IST" skipped="0">
  <testcase classname="testingbaba_test.Links_test" name="clickonclosebutton" time="0.334"/>
  <system-out/>
  <testcase classname="testingbaba_test.Links_test" name="clickonpractice" time="2.274"/>
  <system-out/>
  <testcase classname="testingbaba_test.Links_test" name="clickonelement" time="1.305"/>
  <system-out/>
  <testcase classname="testingbaba_test.Links_test" name="clickonlinksbutton" time="0.507"/>
  <system-out/>
  <testcase classname="testingbaba_test.Links_test" name="clickondemopagelink" time="0.546"/>
  <system-out/>
  <testcase classname="testingbaba_test.Links_test" name="switchwindow" time="0.511"/>
  <system-out/>
  <testcase classname="testingbaba_test.Links_test" name="clickoncreatedlink" time="0.412"/>
  <system-out/>
  <testcase classname="testingbaba_test.Links_test" name="clickonnocontentlink" time="0.445"/>
  <system-out/>
  <testcase classname="testingbaba_test.Links_test" name="clickonmovedlink" time="0.553"/>
  <system-out/>
  <testcase classname="testingbaba_test.Links_test" name="clickonbadrequestlink" time="0.528"/>
  <system-out/>
  <testcase classname="testingbaba_test.Links_test" name="clickonunauthorisedlink" time="0.471"/>
  <system-out/>
  <testcase classname="testingbaba_test.Links_test" name="clickonforbiddenlink" time="0.531"/>
  <system-out/>
  <testcase classname="testingbaba_test.Links_test" name="clickonnotfoundlink" time="0.433"/>
  <system-out/>
</testsuite> <!-- testingbaba_test.Links_test -->
