<?xml version="1.0" encoding="UTF-8"?>
<!-- Generated by org.testng.reporters.JUnitReportReporter -->
<testsuite hostname="Abhay-PC" failures="0" tests="5" name="testingbaba_test.AutoComplete_test" time="3.976" errors="0" timestamp="2024-03-16T21:52:53 IST" skipped="0">
  <testcase classname="testingbaba_test.AutoComplete_test" name="clickonclosebutton" time="0.221"/>
  <system-out/>
  <testcase classname="testingbaba_test.AutoComplete_test" name="clickonpracticebutton" time="1.707"/>
  <system-out/>
  <testcase classname="testingbaba_test.AutoComplete_test" name="clickonwidgetsbutton" time="1.365"/>
  <system-out/>
  <testcase classname="testingbaba_test.AutoComplete_test" name="clickonautocompletebutton" time="0.243"/>
  <system-out/>
  <testcase classname="testingbaba_test.AutoComplete_test" name="searchinsearchbox" time="0.440"/>
  <system-out/>
</testsuite> <!-- testingbaba_test.AutoComplete_test -->
