<?xml version="1.0" encoding="UTF-8"?>
<!-- Generated by org.testng.reporters.JUnitReportReporter -->
<testsuite hostname="Abhay-PC" failures="0" tests="8" name="testingbaba_test.WebTables_test" time="13.647" errors="0" timestamp="2024-03-16T21:52:53 IST" skipped="0">
  <testcase classname="testingbaba_test.WebTables_test" name="clickonclosebutton" time="0.244"/>
  <system-out/>
  <testcase classname="testingbaba_test.WebTables_test" name="clickonpractice" time="1.938"/>
  <system-out/>
  <testcase classname="testingbaba_test.WebTables_test" name="clickonelement" time="0.204"/>
  <system-out/>
  <testcase classname="testingbaba_test.WebTables_test" name="clickonwebtablesbutton" time="0.408"/>
  <system-out/>
  <testcase classname="testingbaba_test.WebTables_test" name="filldetails" time="4.361"/>
  <system-out/>
  <testcase classname="testingbaba_test.WebTables_test" name="getfilldetailsverify" time="0.516"/>
  <system-out/>
  <testcase classname="testingbaba_test.WebTables_test" name="updatedetails" time="5.552"/>
  <system-out/>
  <testcase classname="testingbaba_test.WebTables_test" name="getupdatedetailsverify" time="0.424"/>
  <system-out/>
</testsuite> <!-- testingbaba_test.WebTables_test -->
