<?xml version="1.0" encoding="UTF-8"?>
<!-- Generated by org.testng.reporters.JUnitReportReporter -->
<testsuite hostname="Abhay-PC" failures="0" tests="8" name="testingbaba_test.SelectMenu_test" time="5.628" errors="0" timestamp="2024-03-16T21:52:53 IST" skipped="0">
  <testcase classname="testingbaba_test.SelectMenu_test" name="clickonclosebutton" time="0.382"/>
  <system-out/>
  <testcase classname="testingbaba_test.SelectMenu_test" name="clickonpracticebutton" time="2.024"/>
  <system-out/>
  <testcase classname="testingbaba_test.SelectMenu_test" name="clickonwidgetsbutton" time="1.226"/>
  <system-out/>
  <testcase classname="testingbaba_test.SelectMenu_test" name="clickonselectmenu" time="0.221"/>
  <system-out/>
  <testcase classname="testingbaba_test.SelectMenu_test" name="clickonselectvaluedropdown" time="0.472"/>
  <system-out/>
  <testcase classname="testingbaba_test.SelectMenu_test" name="clickonselectonedropdown" time="0.431"/>
  <system-out/>
  <testcase classname="testingbaba_test.SelectMenu_test" name="clickonoldstyleselectmenudropdown" time="0.342"/>
  <system-out/>
  <testcase classname="testingbaba_test.SelectMenu_test" name="clickonstandardmultiselectdropdown" time="0.530"/>
  <system-out/>
</testsuite> <!-- testingbaba_test.SelectMenu_test -->
