<?xml version="1.0" encoding="UTF-8"?>
<!-- Generated by org.testng.reporters.JUnitReportReporter -->
<testsuite hostname="Abhay-PC" failures="0" tests="3" name="testingbaba_test.Upload_test" time="2.530" errors="0" timestamp="2024-02-27T13:00:34 IST" skipped="0">
  <testcase classname="testingbaba_test.Upload_test" name="clickonclosebtn" time="0.162"/>
  <system-out/>
  <testcase classname="testingbaba_test.Upload_test" name="clickonpractice" time="2.195"/>
  <system-out/>
  <testcase classname="testingbaba_test.Upload_test" name="clickonelement" time="0.173"/>
  <system-out/>
</testsuite> <!-- testingbaba_test.Upload_test -->
