<?xml version="1.0" encoding="UTF-8"?>
<!-- Generated by org.testng.reporters.JUnitReportReporter -->
<testsuite hostname="Abhay-PC" failures="0" tests="7" name="testingbaba_test.ToolTips_test" time="5.220" errors="0" timestamp="2024-03-15T11:36:01 IST" skipped="0">
  <testcase classname="testingbaba_test.ToolTips_test" name="clickonclosebutton" time="0.311"/>
  <system-out/>
  <testcase classname="testingbaba_test.ToolTips_test" name="clickonpracticebutton" time="2.117"/>
  <system-out/>
  <testcase classname="testingbaba_test.ToolTips_test" name="clickonwidgetsbutton" time="1.275"/>
  <system-out/>
  <testcase classname="testingbaba_test.ToolTips_test" name="clickontooltipsbutton" time="0.520"/>
  <system-out/>
  <testcase classname="testingbaba_test.ToolTips_test" name="mousehoveronhovermetoseebutton" time="0.413"/>
  <system-out/>
  <testcase classname="testingbaba_test.ToolTips_test" name="mousehoveronhovermetoseesearchbox" time="0.353"/>
  <system-out/>
  <testcase classname="testingbaba_test.ToolTips_test" name="printpagetext" time="0.231"/>
  <system-out/>
</testsuite> <!-- testingbaba_test.ToolTips_test -->
