<?xml version="1.0" encoding="UTF-8"?>
<!-- Generated by org.testng.reporters.JUnitReportReporter -->
<testsuite hostname="Abhay-PC" failures="0" tests="7" name="testingbaba_test.Accordion_test" time="6.693" errors="0" timestamp="2024-03-15T11:36:01 IST" skipped="0">
  <testcase classname="testingbaba_test.Accordion_test" name="clickonclosebutton" time="0.266"/>
  <system-out/>
  <testcase classname="testingbaba_test.Accordion_test" name="clickonpracticebutton" time="1.784"/>
  <system-out/>
  <testcase classname="testingbaba_test.Accordion_test" name="clickonwidgetsbutton" time="1.355"/>
  <system-out/>
  <testcase classname="testingbaba_test.Accordion_test" name="clickonaccordionbutton" time="0.249"/>
  <system-out/>
  <testcase classname="testingbaba_test.Accordion_test" name="clickonparagraph1" time="0.257"/>
  <system-out/>
  <testcase classname="testingbaba_test.Accordion_test" name="clickonparagraph2" time="1.422"/>
  <system-out/>
  <testcase classname="testingbaba_test.Accordion_test" name="clickonparagraph3" time="1.360"/>
  <system-out/>
</testsuite> <!-- testingbaba_test.Accordion_test -->
