<?xml version="1.0" encoding="UTF-8"?>
<!-- Generated by org.testng.reporters.JUnitReportReporter -->
<testsuite hostname="Abhay-PC" failures="0" tests="8" name="testingbaba_test.WebTables_test" time="24.932" errors="0" timestamp="2024-03-15T11:36:01 IST" skipped="0">
  <testcase classname="testingbaba_test.WebTables_test" name="clickonclosebutton" time="0.525"/>
  <system-out/>
  <testcase classname="testingbaba_test.WebTables_test" name="clickonpractice" time="1.932"/>
  <system-out/>
  <testcase classname="testingbaba_test.WebTables_test" name="clickonelement" time="0.619"/>
  <system-out/>
  <testcase classname="testingbaba_test.WebTables_test" name="clickonwebtablesbutton" time="0.534"/>
  <system-out/>
  <testcase classname="testingbaba_test.WebTables_test" name="filldetails" time="8.473"/>
  <system-out/>
  <testcase classname="testingbaba_test.WebTables_test" name="getfilldetailsverify" time="1.130"/>
  <system-out/>
  <testcase classname="testingbaba_test.WebTables_test" name="updatedetails" time="10.667"/>
  <system-out/>
  <testcase classname="testingbaba_test.WebTables_test" name="getupdatedetailsverify" time="1.052"/>
  <system-out/>
</testsuite> <!-- testingbaba_test.WebTables_test -->
