<?xml version="1.0" encoding="UTF-8"?>
<!-- Generated by org.testng.reporters.JUnitReportReporter -->
<testsuite hostname="Abhay-PC" failures="0" tests="7" name="testingbaba_test.Buttons_test" time="4.488" errors="0" timestamp="2024-03-16T21:52:53 IST" skipped="0">
  <testcase classname="testingbaba_test.Buttons_test" name="clickonclosebutton" time="0.229"/>
  <system-out/>
  <testcase classname="testingbaba_test.Buttons_test" name="clickonpractice" time="1.834"/>
  <system-out/>
  <testcase classname="testingbaba_test.Buttons_test" name="clickonelement" time="1.255"/>
  <system-out/>
  <testcase classname="testingbaba_test.Buttons_test" name="clickonbuttonsbutton" time="0.202"/>
  <system-out/>
  <testcase classname="testingbaba_test.Buttons_test" name="clickondoubleclickbutton" time="0.382"/>
  <system-out/>
  <testcase classname="testingbaba_test.Buttons_test" name="clickonrightclickbutton" time="0.346"/>
  <system-out/>
  <testcase classname="testingbaba_test.Buttons_test" name="clickonclickmebutton" time="0.240"/>
  <system-out/>
</testsuite> <!-- testingbaba_test.Buttons_test -->
