<?xml version="1.0" encoding="UTF-8"?>
<!-- Generated by org.testng.reporters.JUnitReportReporter -->
<testsuite hostname="Abhay-PC" failures="0" tests="7" name="testingbaba_test.BrowserWindow_test" time="7.140" errors="0" timestamp="2024-03-16T21:52:53 IST" skipped="0">
  <testcase classname="testingbaba_test.BrowserWindow_test" name="clickonclosebutton" time="0.224"/>
  <system-out/>
  <testcase classname="testingbaba_test.BrowserWindow_test" name="clickonpracticebutton" time="1.851"/>
  <system-out/>
  <testcase classname="testingbaba_test.BrowserWindow_test" name="clickonalertsframeandwindow" time="0.195"/>
  <system-out/>
  <testcase classname="testingbaba_test.BrowserWindow_test" name="clickonbrowserwindowsbutton" time="0.223"/>
  <system-out/>
  <testcase classname="testingbaba_test.BrowserWindow_test" name="clickonnewtabbutton" time="1.790"/>
  <system-out/>
  <testcase classname="testingbaba_test.BrowserWindow_test" name="clickonnewwindowbutton" time="1.360"/>
  <system-out/>
  <testcase classname="testingbaba_test.BrowserWindow_test" name="clickonnewwindowmessagebutton" time="1.497"/>
  <system-out/>
</testsuite> <!-- testingbaba_test.BrowserWindow_test -->
