<?xml version="1.0" encoding="UTF-8"?>
<!-- Generated by org.testng.reporters.JUnitReportReporter -->
<testsuite hostname="Abhay-PC" failures="0" tests="7" name="testingbaba_test.Tabs_test" time="6.323" errors="0" timestamp="2024-03-16T21:52:53 IST" skipped="0">
  <testcase classname="testingbaba_test.Tabs_test" name="clickonclosebutton" time="0.234"/>
  <system-out/>
  <testcase classname="testingbaba_test.Tabs_test" name="clickonpracticebutton" time="1.661"/>
  <system-out/>
  <testcase classname="testingbaba_test.Tabs_test" name="clickonwidgetsbutton" time="1.192"/>
  <system-out/>
  <testcase classname="testingbaba_test.Tabs_test" name="clickontabsbutton" time="0.257"/>
  <system-out/>
  <testcase classname="testingbaba_test.Tabs_test" name="clickontab1" time="0.226"/>
  <system-out/>
  <testcase classname="testingbaba_test.Tabs_test" name="clickontab2" time="1.318"/>
  <system-out/>
  <testcase classname="testingbaba_test.Tabs_test" name="clickontab3" time="1.435"/>
  <system-out/>
</testsuite> <!-- testingbaba_test.Tabs_test -->
