<?xml version="1.0" encoding="UTF-8"?>
<!-- Generated by org.testng.reporters.JUnitReportReporter -->
<testsuite hostname="Abhay-PC" failures="0" tests="5" name="testingbaba_test.ProgressBar_test" time="6.283" errors="0" timestamp="2024-03-15T11:36:01 IST" skipped="0">
  <testcase classname="testingbaba_test.ProgressBar_test" name="clickonclosebutton" time="0.266"/>
  <system-out/>
  <testcase classname="testingbaba_test.ProgressBar_test" name="clickonpracticebutton" time="2.082"/>
  <system-out/>
  <testcase classname="testingbaba_test.ProgressBar_test" name="clickonwidgetsbutton" time="1.348"/>
  <system-out/>
  <testcase classname="testingbaba_test.ProgressBar_test" name="clickonprogressbarbutton" time="0.231"/>
  <system-out/>
  <testcase classname="testingbaba_test.ProgressBar_test" name="getverifyprogressbar" time="2.356"/>
  <system-out/>
</testsuite> <!-- testingbaba_test.ProgressBar_test -->
