<?xml version="1.0" encoding="UTF-8"?>
<!-- Generated by org.testng.reporters.JUnitReportReporter -->
<testsuite hostname="Abhay-PC" failures="0" tests="5" name="testingbaba_test.ProgressBar_test" time="5.984" errors="0" timestamp="2024-03-16T21:52:53 IST" skipped="0">
  <testcase classname="testingbaba_test.ProgressBar_test" name="clickonclosebutton" time="0.240"/>
  <system-out/>
  <testcase classname="testingbaba_test.ProgressBar_test" name="clickonpracticebutton" time="1.783"/>
  <system-out/>
  <testcase classname="testingbaba_test.ProgressBar_test" name="clickonwidgetsbutton" time="1.341"/>
  <system-out/>
  <testcase classname="testingbaba_test.ProgressBar_test" name="clickonprogressbarbutton" time="0.280"/>
  <system-out/>
  <testcase classname="testingbaba_test.ProgressBar_test" name="getverifyprogressbar" time="2.340"/>
  <system-out/>
</testsuite> <!-- testingbaba_test.ProgressBar_test -->
