<?xml version="1.0" encoding="UTF-8"?>
<!-- Generated by org.testng.reporters.JUnitReportReporter -->
<testsuite hostname="Abhay-PC" failures="0" tests="6" name="testingbaba_test.ModalDialogs_test" time="6.446" errors="0" timestamp="2024-03-16T21:52:53 IST" skipped="0">
  <testcase classname="testingbaba_test.ModalDialogs_test" name="clickonclosebutton" time="0.229"/>
  <system-out/>
  <testcase classname="testingbaba_test.ModalDialogs_test" name="clickonpractice" time="1.848"/>
  <system-out/>
  <testcase classname="testingbaba_test.ModalDialogs_test" name="clickonalertsframeandwindow" time="1.246"/>
  <system-out/>
  <testcase classname="testingbaba_test.ModalDialogs_test" name="clickonmodaldialogsbutton" time="0.207"/>
  <system-out/>
  <testcase classname="testingbaba_test.ModalDialogs_test" name="clickonsmallmodalbutton" time="1.376"/>
  <system-out/>
  <testcase classname="testingbaba_test.ModalDialogs_test" name="clickonlargemodalbutton" time="1.540"/>
  <system-out/>
</testsuite> <!-- testingbaba_test.ModalDialogs_test -->
