<?xml version="1.0" encoding="UTF-8"?>
<!-- Generated by org.testng.reporters.JUnitReportReporter -->
<testsuite hostname="Abhay-PC" failures="0" tests="8" name="testingbaba_test.Alerts_test" time="9.072" errors="0" timestamp="2024-03-16T21:52:53 IST" skipped="0">
  <testcase classname="testingbaba_test.Alerts_test" name="clickonclosebutton" time="0.249"/>
  <system-out/>
  <testcase classname="testingbaba_test.Alerts_test" name="clickonpracticebutton" time="2.222"/>
  <system-out/>
  <testcase classname="testingbaba_test.Alerts_test" name="clickonalertsframeandwindow" time="0.246"/>
  <system-out/>
  <testcase classname="testingbaba_test.Alerts_test" name="clickonalertsbutton" time="0.240"/>
  <system-out/>
  <testcase classname="testingbaba_test.Alerts_test" name="clickonseealertbutton" time="0.252"/>
  <system-out/>
  <testcase classname="testingbaba_test.Alerts_test" name="clickonafter5secondbutton" time="5.271"/>
  <system-out/>
  <testcase classname="testingbaba_test.Alerts_test" name="clickonconfirmboxbutton" time="0.254"/>
  <system-out/>
  <testcase classname="testingbaba_test.Alerts_test" name="clickonpromptboxbutton" time="0.338"/>
  <system-out/>
</testsuite> <!-- testingbaba_test.Alerts_test -->
