<?xml version="1.0" encoding="UTF-8"?>
<!-- Generated by org.testng.reporters.JUnitReportReporter -->
<testsuite hostname="Abhay-PC" failures="0" tests="9" name="testingbaba_test.Menu_test" time="5.476" errors="0" timestamp="2024-03-16T21:52:53 IST" skipped="0">
  <testcase classname="testingbaba_test.Menu_test" name="clickonclosebutton" time="0.241"/>
  <system-out/>
  <testcase classname="testingbaba_test.Menu_test" name="clickonpracticebutton" time="1.844"/>
  <system-out/>
  <testcase classname="testingbaba_test.Menu_test" name="clickonwidgetsbutton" time="1.366"/>
  <system-out/>
  <testcase classname="testingbaba_test.Menu_test" name="clickonmenubutton" time="0.246"/>
  <system-out/>
  <testcase classname="testingbaba_test.Menu_test" name="mousehoveronhomebutton" time="0.306"/>
  <system-out/>
  <testcase classname="testingbaba_test.Menu_test" name="mousehoveronaboutbutton" time="0.275"/>
  <system-out/>
  <testcase classname="testingbaba_test.Menu_test" name="mousehoverandclickonservicesdropdown" time="0.396"/>
  <system-out/>
  <testcase classname="testingbaba_test.Menu_test" name="mousehoverandclickonblogdropdown" time="0.459"/>
  <system-out/>
  <testcase classname="testingbaba_test.Menu_test" name="mousehoveroncontactbutton" time="0.343"/>
  <system-out/>
</testsuite> <!-- testingbaba_test.Menu_test -->
