<?xml version="1.0" encoding="UTF-8"?>
<!-- Generated by org.testng.reporters.JUnitReportReporter -->
<testsuite hostname="Abhay-PC" failures="0" tests="7" name="testingbaba_test.RadioButton_test" time="3.561" errors="0" timestamp="2024-03-16T21:52:53 IST" skipped="0">
  <testcase classname="testingbaba_test.RadioButton_test" name="clickonclosebutton" time="0.229"/>
  <system-out/>
  <testcase classname="testingbaba_test.RadioButton_test" name="clickonpractice" time="1.931"/>
  <system-out/>
  <testcase classname="testingbaba_test.RadioButton_test" name="clickonelement" time="0.234"/>
  <system-out/>
  <testcase classname="testingbaba_test.RadioButton_test" name="clickonradiobutton" time="0.231"/>
  <system-out/>
  <testcase classname="testingbaba_test.RadioButton_test" name="clickonyescheckbox" time="0.265"/>
  <system-out/>
  <testcase classname="testingbaba_test.RadioButton_test" name="clickonimpressivecheckbox" time="0.276"/>
  <system-out/>
  <testcase classname="testingbaba_test.RadioButton_test" name="clickonnocheckbox" time="0.395"/>
  <system-out/>
</testsuite> <!-- testingbaba_test.RadioButton_test -->
