<?xml version="1.0" encoding="UTF-8"?>
<!-- Generated by org.testng.reporters.JUnitReportReporter -->
<testsuite hostname="Abhay-PC" failures="0" tests="7" name="testingbaba_test.Tabs_test" time="6.735" errors="0" timestamp="2024-03-15T11:36:01 IST" skipped="0">
  <testcase classname="testingbaba_test.Tabs_test" name="clickonclosebutton" time="0.259"/>
  <system-out/>
  <testcase classname="testingbaba_test.Tabs_test" name="clickonpracticebutton" time="1.940"/>
  <system-out/>
  <testcase classname="testingbaba_test.Tabs_test" name="clickonwidgetsbutton" time="1.385"/>
  <system-out/>
  <testcase classname="testingbaba_test.Tabs_test" name="clickontabsbutton" time="0.311"/>
  <system-out/>
  <testcase classname="testingbaba_test.Tabs_test" name="clickontab1" time="0.289"/>
  <system-out/>
  <testcase classname="testingbaba_test.Tabs_test" name="clickontab2" time="1.269"/>
  <system-out/>
  <testcase classname="testingbaba_test.Tabs_test" name="clickontab3" time="1.282"/>
  <system-out/>
</testsuite> <!-- testingbaba_test.Tabs_test -->
