<?xml version="1.0" encoding="UTF-8"?>
<!-- Generated by org.testng.reporters.JUnitReportReporter -->
<testsuite hostname="Abhay-PC" failures="0" tests="13" name="testingbaba_test.Links_test" time="6.077" errors="0" timestamp="2024-03-16T21:52:53 IST" skipped="0">
  <testcase classname="testingbaba_test.Links_test" name="clickonclosebutton" time="0.263"/>
  <system-out/>
  <testcase classname="testingbaba_test.Links_test" name="clickonpractice" time="1.875"/>
  <system-out/>
  <testcase classname="testingbaba_test.Links_test" name="clickonelement" time="1.256"/>
  <system-out/>
  <testcase classname="testingbaba_test.Links_test" name="clickonlinksbutton" time="0.231"/>
  <system-out/>
  <testcase classname="testingbaba_test.Links_test" name="clickondemopagelink" time="0.260"/>
  <system-out/>
  <testcase classname="testingbaba_test.Links_test" name="switchwindow" time="0.308"/>
  <system-out/>
  <testcase classname="testingbaba_test.Links_test" name="clickoncreatedlink" time="0.243"/>
  <system-out/>
  <testcase classname="testingbaba_test.Links_test" name="clickonnocontentlink" time="0.262"/>
  <system-out/>
  <testcase classname="testingbaba_test.Links_test" name="clickonmovedlink" time="0.246"/>
  <system-out/>
  <testcase classname="testingbaba_test.Links_test" name="clickonbadrequestlink" time="0.275"/>
  <system-out/>
  <testcase classname="testingbaba_test.Links_test" name="clickonunauthorisedlink" time="0.362"/>
  <system-out/>
  <testcase classname="testingbaba_test.Links_test" name="clickonforbiddenlink" time="0.258"/>
  <system-out/>
  <testcase classname="testingbaba_test.Links_test" name="clickonnotfoundlink" time="0.238"/>
  <system-out/>
</testsuite> <!-- testingbaba_test.Links_test -->
