<?xml version="1.0" encoding="UTF-8"?>
<!-- Generated by org.testng.reporters.JUnitReportReporter -->
<testsuite hostname="Abhay-PC" failures="0" tests="7" name="testingbaba_test.CheckBox_test" time="6.521" errors="0" timestamp="2024-03-15T11:36:01 IST" skipped="0">
  <testcase classname="testingbaba_test.CheckBox_test" name="clickonclosebutton" time="0.417"/>
  <system-out/>
  <testcase classname="testingbaba_test.CheckBox_test" name="clickonpractice" time="1.922"/>
  <system-out/>
  <testcase classname="testingbaba_test.CheckBox_test" name="clickonelement" time="0.399"/>
  <system-out/>
  <testcase classname="testingbaba_test.CheckBox_test" name="clickoncheckboxbutton" time="0.490"/>
  <system-out/>
  <testcase classname="testingbaba_test.CheckBox_test" name="clickonmobilebutton" time="2.183"/>
  <system-out/>
  <testcase classname="testingbaba_test.CheckBox_test" name="clickonlaptopbutton" time="0.552"/>
  <system-out/>
  <testcase classname="testingbaba_test.CheckBox_test" name="clickondesktopbutton" time="0.558"/>
  <system-out/>
</testsuite> <!-- testingbaba_test.CheckBox_test -->
