<?xml version="1.0" encoding="UTF-8"?>
<!-- Generated by org.testng.reporters.JUnitReportReporter -->
<testsuite hostname="Abhay-PC" failures="0" tests="7" name="testingbaba_test.Buttons_test" time="5.852" errors="0" timestamp="2024-03-15T11:36:01 IST" skipped="0">
  <testcase classname="testingbaba_test.Buttons_test" name="clickonclosebutton" time="0.387"/>
  <system-out/>
  <testcase classname="testingbaba_test.Buttons_test" name="clickonpractice" time="2.053"/>
  <system-out/>
  <testcase classname="testingbaba_test.Buttons_test" name="clickonelement" time="1.363"/>
  <system-out/>
  <testcase classname="testingbaba_test.Buttons_test" name="clickonbuttonsbutton" time="0.649"/>
  <system-out/>
  <testcase classname="testingbaba_test.Buttons_test" name="clickondoubleclickbutton" time="0.459"/>
  <system-out/>
  <testcase classname="testingbaba_test.Buttons_test" name="clickonrightclickbutton" time="0.568"/>
  <system-out/>
  <testcase classname="testingbaba_test.Buttons_test" name="clickonclickmebutton" time="0.373"/>
  <system-out/>
</testsuite> <!-- testingbaba_test.Buttons_test -->
