<?xml version="1.0" encoding="UTF-8"?>
<!-- Generated by org.testng.reporters.JUnitReportReporter -->
<testsuite hostname="Abhay-PC" failures="0" tests="5" name="testingbaba_test.UploadandDownload_test" time="5.214" errors="0" timestamp="2024-03-15T11:36:01 IST" skipped="0">
  <testcase classname="testingbaba_test.UploadandDownload_test" name="clickonclosebutton" time="0.533"/>
  <system-out/>
  <testcase classname="testingbaba_test.UploadandDownload_test" name="clickonpractice" time="2.014"/>
  <system-out/>
  <testcase classname="testingbaba_test.UploadandDownload_test" name="clickonelement" time="0.535"/>
  <system-out/>
  <testcase classname="testingbaba_test.UploadandDownload_test" name="clickonuploadanddownloadbutton" time="0.443"/>
  <system-out/>
  <testcase classname="testingbaba_test.UploadandDownload_test" name="clickonuploadfilebutton" time="1.689"/>
  <system-out/>
</testsuite> <!-- testingbaba_test.UploadandDownload_test -->
