<?xml version="1.0" encoding="UTF-8"?>
<!-- Generated by org.testng.reporters.JUnitReportReporter -->
<testsuite hostname="Abhay-PC" failures="0" tests="7" name="testingbaba_test.CheckBox_test" time="4.405" errors="0" timestamp="2024-03-16T21:52:53 IST" skipped="0">
  <testcase classname="testingbaba_test.CheckBox_test" name="clickonclosebutton" time="0.211"/>
  <system-out/>
  <testcase classname="testingbaba_test.CheckBox_test" name="clickonpractice" time="2.560"/>
  <system-out/>
  <testcase classname="testingbaba_test.CheckBox_test" name="clickonelement" time="0.276"/>
  <system-out/>
  <testcase classname="testingbaba_test.CheckBox_test" name="clickoncheckboxbutton" time="0.299"/>
  <system-out/>
  <testcase classname="testingbaba_test.CheckBox_test" name="clickonmobilebutton" time="0.407"/>
  <system-out/>
  <testcase classname="testingbaba_test.CheckBox_test" name="clickonlaptopbutton" time="0.321"/>
  <system-out/>
  <testcase classname="testingbaba_test.CheckBox_test" name="clickondesktopbutton" time="0.331"/>
  <system-out/>
</testsuite> <!-- testingbaba_test.CheckBox_test -->
